This file contains any messages produced by compilers while
running configure, to aid debugging if configure makes a mistake.

It was created by libtelnet configure 0.23, which was
generated by GNU Autoconf 2.69.  Invocation command line was

  $ ./configure --prefix=/home/lucca/Tenable/Routers/Phicomm/Tools/backdoor-lockpick/opt --disable-shared LDFLAGS=--static CFLAGS=-Os CC=musl-gcc

## --------- ##
## Platform. ##
## --------- ##

hostname = leviathan
uname -m = x86_64
uname -r = 5.4.0-88-generic
uname -s = Linux
uname -v = #99-Ubuntu SMP Thu Sep 23 17:29:00 UTC 2021

/usr/bin/uname -p = x86_64
/bin/uname -X     = unknown

/bin/arch              = x86_64
/usr/bin/arch -k       = unknown
/usr/convex/getsysinfo = unknown
/usr/bin/hostinfo      = unknown
/bin/machine           = unknown
/usr/bin/oslevel       = unknown
/bin/universe          = unknown

PATH: /home/oblivia/perl5/bin
PATH: /home/lucca/Apps/Zilf
PATH: /home/lucca/Tools
PATH: /opt/nessus/sbin
PATH: /opt/nessus/bin
PATH: /home/lucca/Apps
PATH: /home/lucca/Apps/pycharm/bin
PATH: /home/lucca/Apps/clion/bin
PATH: /home/lucca/Apps/SameBoy/build/bin/SDL
PATH: /home/lucca/Apps/ghidra/
PATH: /home/lucca/lang/julia/bin
PATH: /home/lucca/.local/bin
PATH: /home/lucca/bin
PATH: /home/lucca/Apps/Zilf
PATH: /home/lucca/Tools
PATH: /opt/nessus/sbin
PATH: /opt/nessus/bin
PATH: /home/lucca/Apps
PATH: /home/lucca/Apps/pycharm/bin
PATH: /home/lucca/Apps/clion/bin
PATH: /home/lucca/Apps/SameBoy/build/bin/SDL
PATH: /home/lucca/Apps/ghidra/
PATH: /home/lucca/lang/julia/bin
PATH: /home/lucca/.local/bin
PATH: /home/lucca/bin
PATH: /home/lucca/.cargo/bin
PATH: /home/lucca/.local/bin
PATH: /home/lucca/bin
PATH: /home/lucca/Apps/Zilf
PATH: /home/lucca/Tools
PATH: /opt/nessus/sbin
PATH: /opt/nessus/bin
PATH: /home/lucca/Apps
PATH: /home/lucca/Apps/pycharm/bin
PATH: /home/lucca/Apps/clion/bin
PATH: /home/lucca/Apps/SameBoy/build/bin/SDL
PATH: /home/lucca/Apps/ghidra/
PATH: /home/lucca/lang/julia/bin
PATH: /home/lucca/.local/bin
PATH: /home/lucca/bin
PATH: /usr/local/sbin
PATH: /usr/local/bin
PATH: /usr/sbin
PATH: /usr/bin
PATH: /sbin
PATH: /bin
PATH: /usr/games
PATH: /usr/local/games
PATH: /snap/bin
PATH: /home/lucca/.rvm/bin


## ----------- ##
## Core tests. ##
## ----------- ##

configure:2205: checking for a BSD-compatible install
configure:2273: result: /usr/bin/install -c
configure:2284: checking whether build environment is sane
configure:2339: result: yes
configure:2488: checking for a thread-safe mkdir -p
configure:2527: result: /usr/bin/mkdir -p
configure:2534: checking for gawk
configure:2550: found /usr/bin/gawk
configure:2561: result: gawk
configure:2572: checking whether make sets $(MAKE)
configure:2594: result: yes
configure:2623: checking whether make supports nested variables
configure:2640: result: yes
configure:2770: checking whether make supports the include directive
configure:2785: make -f confmf.GNU && cat confinc.out
this is the am__doit target
configure:2788: $? = 0
configure:2807: result: yes (GNU style)
configure:2877: checking for gcc
configure:2904: result: musl-gcc
configure:3133: checking for C compiler version
configure:3142: musl-gcc --version >&5
cc (Ubuntu 9.3.0-17ubuntu1~20.04) 9.3.0
Copyright (C) 2019 Free Software Foundation, Inc.
This is free software; see the source for copying conditions.  There is NO
warranty; not even for MERCHANTABILITY or FITNESS FOR A PARTICULAR PURPOSE.

configure:3153: $? = 0
configure:3142: musl-gcc -v >&5
Using built-in specs.
Reading specs from /usr/lib/x86_64-linux-musl/musl-gcc.specs
rename spec cpp_options to old_cpp_options
COLLECT_GCC=cc
COLLECT_LTO_WRAPPER=/usr/lib/gcc/x86_64-linux-gnu/9/lto-wrapper
OFFLOAD_TARGET_NAMES=nvptx-none:hsa
OFFLOAD_TARGET_DEFAULT=1
Target: x86_64-linux-gnu
Configured with: ../src/configure -v --with-pkgversion='Ubuntu 9.3.0-17ubuntu1~20.04' --with-bugurl=file:///usr/share/doc/gcc-9/README.Bugs --enable-languages=c,ada,c++,go,brig,d,fortran,objc,obj-c++,gm2 --prefix=/usr --with-gcc-major-version-only --program-suffix=-9 --program-prefix=x86_64-linux-gnu- --enable-shared --enable-linker-build-id --libexecdir=/usr/lib --without-included-gettext --enable-threads=posix --libdir=/usr/lib --enable-nls --enable-clocale=gnu --enable-libstdcxx-debug --enable-libstdcxx-time=yes --with-default-libstdcxx-abi=new --enable-gnu-unique-object --disable-vtable-verify --enable-plugin --enable-default-pie --with-system-zlib --with-target-system-zlib=auto --enable-objc-gc=auto --enable-multiarch --disable-werror --with-arch-32=i686 --with-abi=m64 --with-multilib-list=m32,m64,mx32 --enable-multilib --with-tune=generic --enable-offload-targets=nvptx-none=/build/gcc-9-HskZEa/gcc-9-9.3.0/debian/tmp-nvptx/usr,hsa --without-cuda-driver --enable-checking=release --build=x86_64-linux-gnu --host=x86_64-linux-gnu --target=x86_64-linux-gnu
Thread model: posix
... rest of stderr output deleted ...
configure:3153: $? = 0
configure:3142: musl-gcc -V >&5
cc: error: unrecognized command line option '-V'
cc: fatal error: no input files
compilation terminated.
configure:3153: $? = 1
configure:3142: musl-gcc -qversion >&5
cc: error: unrecognized command line option '-qversion'; did you mean '--version'?
cc: fatal error: no input files
compilation terminated.
configure:3153: $? = 1
configure:3173: checking whether the C compiler works
configure:3195: musl-gcc -Os  --static conftest.c  >&5
configure:3199: $? = 0
configure:3247: result: yes
configure:3250: checking for C compiler default output file name
configure:3252: result: a.out
configure:3258: checking for suffix of executables
configure:3265: musl-gcc -o conftest -Os  --static conftest.c  >&5
configure:3269: $? = 0
configure:3291: result: 
configure:3313: checking whether we are cross compiling
configure:3321: musl-gcc -o conftest -Os  --static conftest.c  >&5
configure:3325: $? = 0
configure:3332: ./conftest
configure:3336: $? = 0
configure:3324: result: no
configure:3329: checking for suffix of object files
configure:3351: musl-gcc -c -Os  conftest.c >&5
configure:3355: $? = 0
configure:3376: result: o
configure:3380: checking whether we are using the GNU C compiler
configure:3399: musl-gcc -c -Os  conftest.c >&5
configure:3399: $? = 0
configure:3408: result: yes
configure:3417: checking whether musl-gcc accepts -g
configure:3437: musl-gcc -c -g  conftest.c >&5
configure:3437: $? = 0
configure:3478: result: yes
configure:3495: checking for musl-gcc option to accept ISO C89
configure:3558: musl-gcc  -c -Os  conftest.c >&5
configure:3558: $? = 0
configure:3571: result: none needed
configure:3596: checking whether musl-gcc understands -c and -o together
configure:3618: musl-gcc -c conftest.c -o conftest2.o
configure:3621: $? = 0
configure:3618: musl-gcc -c conftest.c -o conftest2.o
configure:3621: $? = 0
configure:3633: result: yes
configure:3652: checking dependency style of musl-gcc
configure:3763: result: gcc3
configure:3828: checking for ar
configure:3844: found /usr/bin/ar
configure:3855: result: ar
configure:3881: checking the archiver (ar) interface
configure:3897: musl-gcc -c -Os  conftest.c >&5
configure:3897: $? = 0
configure:3899: ar cru libconftest.a conftest.o >&5
ar: `u' modifier ignored since `D' is the default (see `U')
configure:3902: $? = 0
configure:3901: result: ar
configure:3926: checking build system type
configure:3940: result: x86_64-pc-linux-gnu
configure:3960: checking host system type
configure:3973: result: x86_64-pc-linux-gnu
configure:4362: checking for gcc
configure:4389: result: musl-gcc
configure:4618: checking for C compiler version
configure:4627: musl-gcc --version >&5
cc (Ubuntu 9.3.0-17ubuntu1~20.04) 9.3.0
Copyright (C) 2019 Free Software Foundation, Inc.
This is free software; see the source for copying conditions.  There is NO
warranty; not even for MERCHANTABILITY or FITNESS FOR A PARTICULAR PURPOSE.

configure:4638: $? = 0
configure:4627: musl-gcc -v >&5
Using built-in specs.
Reading specs from /usr/lib/x86_64-linux-musl/musl-gcc.specs
rename spec cpp_options to old_cpp_options
COLLECT_GCC=cc
COLLECT_LTO_WRAPPER=/usr/lib/gcc/x86_64-linux-gnu/9/lto-wrapper
OFFLOAD_TARGET_NAMES=nvptx-none:hsa
OFFLOAD_TARGET_DEFAULT=1
Target: x86_64-linux-gnu
Configured with: ../src/configure -v --with-pkgversion='Ubuntu 9.3.0-17ubuntu1~20.04' --with-bugurl=file:///usr/share/doc/gcc-9/README.Bugs --enable-languages=c,ada,c++,go,brig,d,fortran,objc,obj-c++,gm2 --prefix=/usr --with-gcc-major-version-only --program-suffix=-9 --program-prefix=x86_64-linux-gnu- --enable-shared --enable-linker-build-id --libexecdir=/usr/lib --without-included-gettext --enable-threads=posix --libdir=/usr/lib --enable-nls --enable-clocale=gnu --enable-libstdcxx-debug --enable-libstdcxx-time=yes --with-default-libstdcxx-abi=new --enable-gnu-unique-object --disable-vtable-verify --enable-plugin --enable-default-pie --with-system-zlib --with-target-system-zlib=auto --enable-objc-gc=auto --enable-multiarch --disable-werror --with-arch-32=i686 --with-abi=m64 --with-multilib-list=m32,m64,mx32 --enable-multilib --with-tune=generic --enable-offload-targets=nvptx-none=/build/gcc-9-HskZEa/gcc-9-9.3.0/debian/tmp-nvptx/usr,hsa --without-cuda-driver --enable-checking=release --build=x86_64-linux-gnu --host=x86_64-linux-gnu --target=x86_64-linux-gnu
Thread model: posix
... rest of stderr output deleted ...
configure:4638: $? = 0
configure:4627: musl-gcc -V >&5
cc: error: unrecognized command line option '-V'
cc: fatal error: no input files
compilation terminated.
configure:4638: $? = 1
configure:4627: musl-gcc -qversion >&5
cc: error: unrecognized command line option '-qversion'; did you mean '--version'?
cc: fatal error: no input files
compilation terminated.
configure:4638: $? = 1
configure:4642: checking whether we are using the GNU C compiler
configure:4670: result: yes
configure:4679: checking whether musl-gcc accepts -g
configure:4740: result: yes
configure:4757: checking for musl-gcc option to accept ISO C89
configure:4833: result: none needed
configure:4858: checking whether musl-gcc understands -c and -o together
configure:4895: result: yes
configure:4914: checking dependency style of musl-gcc
configure:5025: result: gcc3
configure:5086: checking how to print strings
configure:5113: result: printf
configure:5134: checking for a sed that does not truncate output
configure:5198: result: /usr/bin/sed
configure:5216: checking for grep that handles long lines and -e
configure:5274: result: /usr/bin/grep
configure:5279: checking for egrep
configure:5341: result: /usr/bin/grep -E
configure:5346: checking for fgrep
configure:5408: result: /usr/bin/grep -F
configure:5443: checking for ld used by musl-gcc
configure:5510: result: /usr/bin/ld
configure:5517: checking if the linker (/usr/bin/ld) is GNU ld
configure:5532: result: yes
configure:5544: checking for BSD- or MS-compatible name lister (nm)
configure:5598: result: /usr/bin/nm -B
configure:5728: checking the name lister (/usr/bin/nm -B) interface
configure:5735: musl-gcc -c -Os  conftest.c >&5
configure:5738: /usr/bin/nm -B "conftest.o"
configure:5741: output
0000000000000000 B some_variable
configure:5742: result: BSD nm
configure:5745: checking whether ln -s works
configure:5749: result: yes
configure:5757: checking the maximum length of command line arguments
configure:5888: result: 1572864
configure:5936: checking how to convert x86_64-pc-linux-gnu file names to x86_64-pc-linux-gnu format
configure:5976: result: func_convert_file_noop
configure:5983: checking how to convert x86_64-pc-linux-gnu file names to toolchain format
configure:6003: result: func_convert_file_noop
configure:6010: checking for /usr/bin/ld option to reload object files
configure:6017: result: -r
configure:6091: checking for objdump
configure:6118: result: objdump
configure:6147: checking how to recognize dependent libraries
configure:6347: result: pass_all
configure:6432: checking for dlltool
configure:6459: result: dlltool
configure:6489: checking how to associate runtime and link libraries
configure:6516: result: printf %s\n
configure:6640: checking for archiver @FILE support
configure:6657: musl-gcc -c -Os  conftest.c >&5
configure:6657: $? = 0
configure:6660: ar cr libconftest.a @conftest.lst >&5
configure:6663: $? = 0
configure:6668: ar cr libconftest.a @conftest.lst >&5
ar: conftest.o: No such file or directory
configure:6671: $? = 1
configure:6670: result: @
configure:6728: checking for strip
configure:6744: found /usr/bin/strip
configure:6755: result: strip
configure:6827: checking for ranlib
configure:6843: found /usr/bin/ranlib
configure:6854: result: ranlib
configure:6956: checking command to parse /usr/bin/nm -B output from musl-gcc object
configure:7109: musl-gcc -c -Os  conftest.c >&5
configure:7112: $? = 0
configure:7116: /usr/bin/nm -B conftest.o | sed -n -e 's/^.*[	 ]\([ABCDGIRSTW][ABCDGIRSTW]*\)[	 ][	 ]*\([_A-Za-z][_A-Za-z0-9]*\)$/\1 \2 \2/p' | sed '/ __gnu_lto/d' > conftest.nm
configure:7182: musl-gcc -o conftest -Os  --static conftest.c conftstm.o >&5
configure:7185: $? = 0
configure:7223: result: ok
configure:7270: checking for sysroot
configure:7300: result: no
configure:7307: checking for a working dd
configure:7345: result: /usr/bin/dd
configure:7349: checking how to truncate binary pipes
configure:7364: result: /usr/bin/dd bs=4096 count=1
configure:7500: musl-gcc -c -Os  conftest.c >&5
configure:7503: $? = 0
configure:7693: checking for mt
configure:7709: found /usr/bin/mt
configure:7720: result: mt
configure:7743: checking if mt is a manifest tool
configure:7749: mt '-?'
configure:7757: result: no
configure:8434: checking how to run the C preprocessor
configure:8465: musl-gcc -E  conftest.c
configure:8465: $? = 0
configure:8479: musl-gcc -E  conftest.c
conftest.c:11:10: fatal error: ac_nonexistent.h: No such file or directory
   11 | #include <ac_nonexistent.h>
      |          ^~~~~~~~~~~~~~~~~~
compilation terminated.
configure:8479: $? = 1
configure: failed program was:
| /* confdefs.h */
| #define PACKAGE_NAME "libtelnet"
| #define PACKAGE_TARNAME "libtelnet"
| #define PACKAGE_VERSION "0.23"
| #define PACKAGE_STRING "libtelnet 0.23"
| #define PACKAGE_BUGREPORT "http://github.com/elanthis/libtelnet/tree/master"
| #define PACKAGE_URL ""
| #define PACKAGE "libtelnet"
| #define VERSION "0.23"
| /* end confdefs.h.  */
| #include <ac_nonexistent.h>
configure:8504: result: musl-gcc -E
configure:8524: musl-gcc -E  conftest.c
configure:8524: $? = 0
configure:8538: musl-gcc -E  conftest.c
conftest.c:11:10: fatal error: ac_nonexistent.h: No such file or directory
   11 | #include <ac_nonexistent.h>
      |          ^~~~~~~~~~~~~~~~~~
compilation terminated.
configure:8538: $? = 1
configure: failed program was:
| /* confdefs.h */
| #define PACKAGE_NAME "libtelnet"
| #define PACKAGE_TARNAME "libtelnet"
| #define PACKAGE_VERSION "0.23"
| #define PACKAGE_STRING "libtelnet 0.23"
| #define PACKAGE_BUGREPORT "http://github.com/elanthis/libtelnet/tree/master"
| #define PACKAGE_URL ""
| #define PACKAGE "libtelnet"
| #define VERSION "0.23"
| /* end confdefs.h.  */
| #include <ac_nonexistent.h>
configure:8567: checking for ANSI C header files
configure:8587: musl-gcc -c -Os  conftest.c >&5
configure:8587: $? = 0
configure:8660: musl-gcc -o conftest -Os  --static conftest.c  >&5
configure:8660: $? = 0
configure:8660: ./conftest
configure:8660: $? = 0
configure:8671: result: yes
configure:8684: checking for sys/types.h
configure:8684: musl-gcc -c -Os  conftest.c >&5
configure:8684: $? = 0
configure:8684: result: yes
configure:8684: checking for sys/stat.h
configure:8684: musl-gcc -c -Os  conftest.c >&5
configure:8684: $? = 0
configure:8684: result: yes
configure:8684: checking for stdlib.h
configure:8684: musl-gcc -c -Os  conftest.c >&5
configure:8684: $? = 0
configure:8684: result: yes
configure:8684: checking for string.h
configure:8684: musl-gcc -c -Os  conftest.c >&5
configure:8684: $? = 0
configure:8684: result: yes
configure:8684: checking for memory.h
configure:8684: musl-gcc -c -Os  conftest.c >&5
configure:8684: $? = 0
configure:8684: result: yes
configure:8684: checking for strings.h
configure:8684: musl-gcc -c -Os  conftest.c >&5
configure:8684: $? = 0
configure:8684: result: yes
configure:8684: checking for inttypes.h
configure:8684: musl-gcc -c -Os  conftest.c >&5
configure:8684: $? = 0
configure:8684: result: yes
configure:8684: checking for stdint.h
configure:8684: musl-gcc -c -Os  conftest.c >&5
configure:8684: $? = 0
configure:8684: result: yes
configure:8684: checking for unistd.h
configure:8684: musl-gcc -c -Os  conftest.c >&5
configure:8684: $? = 0
configure:8684: result: yes
configure:8698: checking for dlfcn.h
configure:8698: musl-gcc -c -Os  conftest.c >&5
configure:8698: $? = 0
configure:8698: result: yes
configure:8952: checking for objdir
configure:8967: result: .libs
configure:9231: checking if musl-gcc supports -fno-rtti -fno-exceptions
configure:9249: musl-gcc -c -Os  -fno-rtti -fno-exceptions conftest.c >&5
cc1: warning: command line option '-fno-rtti' is valid for C++/D/ObjC++ but not for C
configure:9253: $? = 0
configure:9266: result: no
configure:9630: checking for musl-gcc option to produce PIC
configure:9637: result: -fPIC -DPIC
configure:9645: checking if musl-gcc PIC flag -fPIC -DPIC works
configure:9663: musl-gcc -c -Os  -fPIC -DPIC -DPIC conftest.c >&5
configure:9667: $? = 0
configure:9680: result: yes
configure:9709: checking if musl-gcc static flag -static works
configure:9737: result: yes
configure:9752: checking if musl-gcc supports -c -o file.o
configure:9773: musl-gcc -c -Os  -o out/conftest2.o conftest.c >&5
configure:9777: $? = 0
configure:9799: result: yes
configure:9807: checking if musl-gcc supports -c -o file.o
configure:9854: result: yes
configure:9887: checking whether the musl-gcc linker (/usr/bin/ld -m elf_x86_64) supports shared libraries
configure:11150: result: yes
configure:11390: checking dynamic linker characteristics
configure:11971: musl-gcc -o conftest -Os  --static -Wl,-rpath -Wl,/foo conftest.c  >&5
configure:11971: $? = 0
configure:12220: result: GNU/Linux ld.so
configure:12342: checking how to hardcode library paths into programs
configure:12367: result: immediate
configure:12915: checking whether stripping libraries is possible
configure:12920: result: yes
configure:12955: checking if libtool supports shared libraries
configure:12957: result: yes
configure:12960: checking whether to build shared libraries
configure:12985: result: no
configure:12988: checking whether to build static libraries
configure:12992: result: yes
configure:9808: checking for doxygen
configure:9826: found /usr/bin/doxygen
configure:9839: result: /usr/bin/doxygen
configure:9857: checking for ANSI C header files
configure:9961: result: yes
configure:10025: checking for pkg-config
configure:10043: found /usr/bin/pkg-config
configure:10055: result: /usr/bin/pkg-config
configure:10080: checking pkg-config is at least version 0.9.0
configure:10083: result: yes
configure:10093: checking for zlib
configure:10100: $PKG_CONFIG --exists --print-errors "zlib"
configure:10103: $? = 0
configure:10117: $PKG_CONFIG --exists --print-errors "zlib"
configure:10120: $? = 0
configure:10162: result: yes
configure:10172: checking for inline
configure:10188: musl-gcc -c -Os  conftest.c >&5
configure:10188: $? = 0
configure:10196: result: inline
configure:10318: checking that generated files are newer than configure
configure:10324: result: done
configure:10359: creating ./config.status

## ---------------------- ##
## Running config.status. ##
## ---------------------- ##

This file was extended by libtelnet config.status 0.23, which was
generated by GNU Autoconf 2.69.  Invocation command line was

  CONFIG_FILES    = 
  CONFIG_HEADERS  = 
  CONFIG_LINKS    = 
  CONFIG_COMMANDS = 
  $ ./config.status 

on leviathan

config.status:1102: creating Makefile
config.status:1102: creating doc/Makefile
config.status:1102: creating doc/man/Makefile
config.status:1102: creating doc/man/man1/Makefile
config.status:1102: creating doc/man/man3/Makefile
config.status:1102: creating test/Makefile
config.status:1102: creating util/Makefile
config.status:1102: creating libtelnet-uninstalled.pc
config.status:1102: creating libtelnet.pc
config.status:1102: creating config.h
config.status:1283: config.h is unchanged
config.status:1331: executing depfiles commands
config.status:1408: cd .       && sed -e '/# am--include-marker/d' Makefile         | make -f - am--depfiles
make: Nothing to be done for 'am--depfiles'.
config.status:1413: $? = 0
config.status:1408: cd util       && sed -e '/# am--include-marker/d' Makefile         | make -f - am--depfiles
make: Nothing to be done for 'am--depfiles'.
config.status:1413: $? = 0
config.status:1331: executing libtool commands

## ---------------- ##
## Cache variables. ##
## ---------------- ##

ac_cv_build=x86_64-pc-linux-gnu
ac_cv_c_compiler_gnu=yes
ac_cv_c_inline=inline
ac_cv_env_CC_set=set
ac_cv_env_CC_value=musl-gcc
ac_cv_env_CFLAGS_set=set
ac_cv_env_CFLAGS_value=-Os
ac_cv_env_CPPFLAGS_set=
ac_cv_env_CPPFLAGS_value=
ac_cv_env_CPP_set=
ac_cv_env_CPP_value=
ac_cv_env_LDFLAGS_set=set
ac_cv_env_LDFLAGS_value=--static
ac_cv_env_LIBS_set=
ac_cv_env_LIBS_value=
ac_cv_env_LT_SYS_LIBRARY_PATH_set=
ac_cv_env_LT_SYS_LIBRARY_PATH_value=
ac_cv_env_PKG_CONFIG_LIBDIR_set=
ac_cv_env_PKG_CONFIG_LIBDIR_value=
ac_cv_env_PKG_CONFIG_PATH_set=
ac_cv_env_PKG_CONFIG_PATH_value=
ac_cv_env_PKG_CONFIG_set=
ac_cv_env_PKG_CONFIG_value=
ac_cv_env_build_alias_set=
ac_cv_env_build_alias_value=
ac_cv_env_host_alias_set=
ac_cv_env_host_alias_value=
ac_cv_env_target_alias_set=
ac_cv_env_target_alias_value=
ac_cv_env_zlib_CFLAGS_set=
ac_cv_env_zlib_CFLAGS_value=
ac_cv_env_zlib_LIBS_set=
ac_cv_env_zlib_LIBS_value=
ac_cv_header_dlfcn_h=yes
ac_cv_header_inttypes_h=yes
ac_cv_header_memory_h=yes
ac_cv_header_stdc=yes
ac_cv_header_stdint_h=yes
ac_cv_header_stdlib_h=yes
ac_cv_header_string_h=yes
ac_cv_header_strings_h=yes
ac_cv_header_sys_stat_h=yes
ac_cv_header_sys_types_h=yes
ac_cv_header_unistd_h=yes
ac_cv_host=x86_64-pc-linux-gnu
ac_cv_objext=o
ac_cv_path_DOXYGEN=/usr/bin/doxygen
ac_cv_path_EGREP='/usr/bin/grep -E'
ac_cv_path_FGREP='/usr/bin/grep -F'
ac_cv_path_GREP=/usr/bin/grep
ac_cv_path_SED=/usr/bin/sed
ac_cv_path_ac_pt_PKG_CONFIG=/usr/bin/pkg-config
ac_cv_path_install='/usr/bin/install -c'
ac_cv_path_lt_DD=/usr/bin/dd
ac_cv_path_mkdir=/usr/bin/mkdir
ac_cv_prog_AWK=gawk
ac_cv_prog_CPP='musl-gcc -E'
ac_cv_prog_ac_ct_AR=ar
ac_cv_prog_ac_ct_CC=musl-gcc
ac_cv_prog_ac_ct_DLLTOOL=dlltool
ac_cv_prog_ac_ct_MANIFEST_TOOL=mt
ac_cv_prog_ac_ct_OBJDUMP=objdump
ac_cv_prog_ac_ct_RANLIB=ranlib
ac_cv_prog_ac_ct_STRIP=strip
ac_cv_prog_cc_c89=
ac_cv_prog_cc_g=yes
ac_cv_prog_make_make_set=yes
am_cv_CC_dependencies_compiler_type=gcc3
am_cv_ar_interface=ar
am_cv_make_support_nested_variables=yes
am_cv_prog_cc_c_o=yes
lt_cv_ar_at_file=@
lt_cv_deplibs_check_method=pass_all
lt_cv_file_magic_cmd='$MAGIC_CMD'
lt_cv_file_magic_test_file=
lt_cv_ld_reload_flag=-r
lt_cv_nm_interface='BSD nm'
lt_cv_objdir=.libs
lt_cv_path_LD=/usr/bin/ld
lt_cv_path_NM='/usr/bin/nm -B'
lt_cv_path_mainfest_tool=no
lt_cv_prog_compiler_c_o=yes
lt_cv_prog_compiler_pic='-fPIC -DPIC'
lt_cv_prog_compiler_pic_works=yes
lt_cv_prog_compiler_rtti_exceptions=no
lt_cv_prog_compiler_static_works=yes
lt_cv_prog_gnu_ld=yes
lt_cv_sharedlib_from_linklib_cmd='printf %s\n'
lt_cv_shlibpath_overrides_runpath=no
lt_cv_sys_global_symbol_pipe='sed -n -e '\''s/^.*[	 ]\([ABCDGIRSTW][ABCDGIRSTW]*\)[	 ][	 ]*\([_A-Za-z][_A-Za-z0-9]*\)$/\1 \2 \2/p'\'' | sed '\''/ __gnu_lto/d'\'''
lt_cv_sys_global_symbol_to_c_name_address='sed -n -e '\''s/^: \(.*\) .*$/  {"\1", (void *) 0},/p'\'' -e '\''s/^[ABCDGIRSTW][ABCDGIRSTW]* .* \(.*\)$/  {"\1", (void *) \&\1},/p'\'''
lt_cv_sys_global_symbol_to_c_name_address_lib_prefix='sed -n -e '\''s/^: \(.*\) .*$/  {"\1", (void *) 0},/p'\'' -e '\''s/^[ABCDGIRSTW][ABCDGIRSTW]* .* \(lib.*\)$/  {"\1", (void *) \&\1},/p'\'' -e '\''s/^[ABCDGIRSTW][ABCDGIRSTW]* .* \(.*\)$/  {"lib\1", (void *) \&\1},/p'\'''
lt_cv_sys_global_symbol_to_cdecl='sed -n -e '\''s/^T .* \(.*\)$/extern int \1();/p'\'' -e '\''s/^[ABCDGIRSTW][ABCDGIRSTW]* .* \(.*\)$/extern char \1;/p'\'''
lt_cv_sys_global_symbol_to_import=
lt_cv_sys_max_cmd_len=1572864
lt_cv_to_host_file_cmd=func_convert_file_noop
lt_cv_to_tool_file_cmd=func_convert_file_noop
lt_cv_truncate_bin='/usr/bin/dd bs=4096 count=1'
pkg_cv_zlib_CFLAGS=
pkg_cv_zlib_LIBS=-lz

## ----------------- ##
## Output variables. ##
## ----------------- ##

ACLOCAL='${SHELL} /home/lucca/Tenable/Routers/Phicomm/Tools/backdoor-lockpick/libtelnet-0.23/missing aclocal-1.16'
AMDEPBACKSLASH='\'
AMDEP_FALSE='#'
AMDEP_TRUE=''
AMTAR='$${TAR-tar}'
AM_BACKSLASH='\'
AM_DEFAULT_V='$(AM_DEFAULT_VERBOSITY)'
AM_DEFAULT_VERBOSITY='1'
AM_V='$(V)'
AR='ar'
AS='as'
AUTOCONF='${SHELL} /home/lucca/Tenable/Routers/Phicomm/Tools/backdoor-lockpick/libtelnet-0.23/missing autoconf'
AUTOHEADER='${SHELL} /home/lucca/Tenable/Routers/Phicomm/Tools/backdoor-lockpick/libtelnet-0.23/missing autoheader'
AUTOMAKE='${SHELL} /home/lucca/Tenable/Routers/Phicomm/Tools/backdoor-lockpick/libtelnet-0.23/missing automake-1.16'
AWK='gawk'
BUILD_DOCS_FALSE='#'
BUILD_DOCS_TRUE=''
BUILD_UTIL_FALSE='#'
BUILD_UTIL_TRUE=''
CC='musl-gcc'
CCDEPMODE='depmode=gcc3'
CFLAGS='-Os'
CPP='musl-gcc -E'
CPPFLAGS=''
CYGPATH_W='echo'
DEFS='-DHAVE_CONFIG_H'
DEPDIR='.deps'
DLLTOOL='dlltool'
DOXYGEN='/usr/bin/doxygen'
DSYMUTIL=''
DUMPBIN=''
ECHO_C=''
ECHO_N='-n'
ECHO_T=''
EGREP='/usr/bin/grep -E'
EXEEXT=''
FGREP='/usr/bin/grep -F'
GREP='/usr/bin/grep'
INSTALL_DATA='${INSTALL} -m 644'
INSTALL_PROGRAM='${INSTALL}'
INSTALL_SCRIPT='${INSTALL}'
INSTALL_STRIP_PROGRAM='$(install_sh) -c -s'
LD='/usr/bin/ld -m elf_x86_64'
LDFLAGS='--static'
LIBOBJS=''
LIBS=''
LIBTOOL='$(SHELL) $(top_builddir)/libtool'
LIPO=''
LN_S='ln -s'
LTLIBOBJS=''
LT_SYS_LIBRARY_PATH=''
MAKEINFO='${SHELL} /home/lucca/Tenable/Routers/Phicomm/Tools/backdoor-lockpick/libtelnet-0.23/missing makeinfo'
MANIFEST_TOOL=':'
MKDIR_P='/usr/bin/mkdir -p'
NM='/usr/bin/nm -B'
NMEDIT=''
OBJDUMP='objdump'
OBJEXT='o'
OTOOL64=''
OTOOL=''
PACKAGE='libtelnet'
PACKAGE_BUGREPORT='http://github.com/elanthis/libtelnet/tree/master'
PACKAGE_NAME='libtelnet'
PACKAGE_STRING='libtelnet 0.23'
PACKAGE_TARNAME='libtelnet'
PACKAGE_URL=''
PACKAGE_VERSION='0.23'
PATH_SEPARATOR=':'
PKG_CONFIG='/usr/bin/pkg-config'
PKG_CONFIG_LIBDIR=''
PKG_CONFIG_PATH=''
RANLIB='ranlib'
SED='/usr/bin/sed'
SET_MAKE=''
SHELL='/bin/bash'
STRIP='strip'
VERSION='0.23'
ac_ct_AR='ar'
ac_ct_CC='musl-gcc'
ac_ct_DUMPBIN=''
am__EXEEXT_FALSE=''
am__EXEEXT_TRUE='#'
am__fastdepCC_FALSE='#'
am__fastdepCC_TRUE=''
am__include='include'
am__isrc=''
am__leading_dot='.'
am__nodep='_no'
am__quote=''
am__tar='$${TAR-tar} chof - "$$tardir"'
am__untar='$${TAR-tar} xf -'
bindir='${exec_prefix}/bin'
build='x86_64-pc-linux-gnu'
build_alias=''
build_cpu='x86_64'
build_os='linux-gnu'
build_vendor='pc'
datadir='${datarootdir}'
datarootdir='${prefix}/share'
docdir='${datarootdir}/doc/${PACKAGE_TARNAME}'
dvidir='${docdir}'
exec_prefix='${prefix}'
host='x86_64-pc-linux-gnu'
host_alias=''
host_cpu='x86_64'
host_os='linux-gnu'
host_vendor='pc'
htmldir='${docdir}'
includedir='${prefix}/include'
infodir='${datarootdir}/info'
install_sh='${SHELL} /home/lucca/Tenable/Routers/Phicomm/Tools/backdoor-lockpick/libtelnet-0.23/install-sh'
libdir='${exec_prefix}/lib'
libexecdir='${exec_prefix}/libexec'
localedir='${datarootdir}/locale'
localstatedir='${prefix}/var'
mandir='${datarootdir}/man'
mkdir_p='$(MKDIR_P)'
oldincludedir='/usr/include'
pdfdir='${docdir}'
prefix='/home/lucca/Tenable/Routers/Phicomm/Tools/backdoor-lockpick/opt'
program_transform_name='s,x,x,'
psdir='${docdir}'
runstatedir='${localstatedir}/run'
sbindir='${exec_prefix}/sbin'
sharedstatedir='${prefix}/com'
sysconfdir='${prefix}/etc'
target_alias=''
zlib_CFLAGS=''
zlib_LIBS='-lz'

## ----------- ##
## confdefs.h. ##
## ----------- ##

/* confdefs.h */
#define PACKAGE_NAME "libtelnet"
#define PACKAGE_TARNAME "libtelnet"
#define PACKAGE_VERSION "0.23"
#define PACKAGE_STRING "libtelnet 0.23"
#define PACKAGE_BUGREPORT "http://github.com/elanthis/libtelnet/tree/master"
#define PACKAGE_URL ""
#define PACKAGE "libtelnet"
#define VERSION "0.23"
#define STDC_HEADERS 1
#define HAVE_SYS_TYPES_H 1
#define HAVE_SYS_STAT_H 1
#define HAVE_STDLIB_H 1
#define HAVE_STRING_H 1
#define HAVE_MEMORY_H 1
#define HAVE_STRINGS_H 1
#define HAVE_INTTYPES_H 1
#define HAVE_STDINT_H 1
#define HAVE_UNISTD_H 1
#define HAVE_DLFCN_H 1
#define LT_OBJDIR ".libs/"
#define STDC_HEADERS 1
#define HAVE_ZLIB 1

configure: exit 0
